<?xml version="1.0" encoding="UTF-8"?>
<!-- Generated by org.testng.reporters.JUnitReportReporter -->
<testsuite hostname="LAPTOP-08M63BSE" failures="0" tests="3" name="com.sddevops.maven.productactive.DeadlineSeleniumTest" time="6.604" errors="0" timestamp="2022-02-21T17:04:56 CST" skipped="0">
  <testcase classname="com.sddevops.maven.productactive.DeadlineSeleniumTest" name="addDeadline" time="2.456"/>
  <testcase classname="com.sddevops.maven.productactive.DeadlineSeleniumTest" name="editDeadline" time="2.145"/>
  <testcase classname="com.sddevops.maven.productactive.DeadlineSeleniumTest" name="deleteDeadline" time="2.003"/>
</testsuite> <!-- com.sddevops.maven.productactive.DeadlineSeleniumTest -->
