<?xml version="1.0" encoding="UTF-8"?>
<!-- Generated by org.testng.reporters.JUnitReportReporter -->
<testsuite hostname="LAPTOP-08M63BSE" failures="0" tests="3" name="com.sddevops.maven.productactive.DeadlineSeleniumTest" time="6.640" errors="0" timestamp="2022-02-25T18:27:09 CST" skipped="0">
  <testcase classname="com.sddevops.maven.productactive.DeadlineSeleniumTest" name="addDeadline" time="2.571"/>
  <testcase classname="com.sddevops.maven.productactive.DeadlineSeleniumTest" name="editDeadline" time="2.088"/>
  <testcase classname="com.sddevops.maven.productactive.DeadlineSeleniumTest" name="deleteDeadline" time="1.981"/>
</testsuite> <!-- com.sddevops.maven.productactive.DeadlineSeleniumTest -->
