<?xml version="1.0" encoding="UTF-8"?>
<!-- Generated by org.testng.reporters.JUnitReportReporter -->
<testsuite hostname="LAPTOP-08M63BSE" failures="0" tests="3" name="com.sddevops.maven.productactive.DeadlineSeleniumTest" time="6.916" errors="0" timestamp="2022-02-21T13:42:42 CST" skipped="0">
  <testcase classname="com.sddevops.maven.productactive.DeadlineSeleniumTest" name="addDeadline" time="2.551"/>
  <testcase classname="com.sddevops.maven.productactive.DeadlineSeleniumTest" name="editDeadline" time="2.319"/>
  <testcase classname="com.sddevops.maven.productactive.DeadlineSeleniumTest" name="deleteDeadline" time="2.046"/>
</testsuite> <!-- com.sddevops.maven.productactive.DeadlineSeleniumTest -->
