<?xml version="1.0" encoding="UTF-8"?>
<!-- Generated by org.testng.reporters.JUnitReportReporter -->
<testsuite hostname="DESKTOP-HB2NRH1" failures="0" tests="1" name="com.sddevops.maven.productactive.NewTest" time="3.941" errors="0" timestamp="2022-02-12T15:32:15 SGT" skipped="0">
  <testcase classname="com.sddevops.maven.productactive.NewTest" name="f" time="3.941"/>
</testsuite> <!-- com.sddevops.maven.productactive.NewTest -->
